<?xml version="1.0" encoding="UTF-8"?>
<testsuite name="com.example.account.service.AccountServiceTest" tests="1" skipped="0" failures="0" errors="0" timestamp="2023-03-07T15:38:09" hostname="PERSIMMONTREE" time="0.023">
  <properties/>
  <testcase name="testSomthing()" classname="com.example.account.service.AccountServiceTest" time="0.023"/>
  <system-out><![CDATA[]]></system-out>
  <system-err><![CDATA[]]></system-err>
</testsuite>
