<?xml version="1.0" encoding="UTF-8"?>
<testsuite name="com.example.convenience_store_pay.service.ConveniencePayServiceTest" tests="1" skipped="0" failures="0" errors="0" timestamp="2023-03-05T07:50:14" hostname="DESKTOP-TLUQ696" time="0.032">
  <properties/>
  <testcase name="pay_success()" classname="com.example.convenience_store_pay.service.ConveniencePayServiceTest" time="0.032"/>
  <system-out><![CDATA[MoneyAdapter.use : 35
]]></system-out>
  <system-err><![CDATA[]]></system-err>
</testsuite>
